<?xml version="1.0" encoding="UTF-8"?>
<!-- Generated by org.testng.reporters.JUnitReportReporter -->
<testsuite hostname="DESKTOP-FSPI9LS" failures="0" tests="1" name="GitBash.GitbashClass" time="0.026" errors="0" timestamp="2025-06-02T11:02:22 IST" skipped="0">
  <testcase classname="GitBash.GitbashClass" name="git" time="0.026"/>
  <system-out/>
</testsuite> <!-- GitBash.GitbashClass -->
